This file contains any messages produced by compilers while
running configure, to aid debugging if configure makes a mistake.

It was created by Stacks configure 2.53, which was
generated by GNU Autoconf 2.69.  Invocation command line was

  $ ./configure 

## --------- ##
## Platform. ##
## --------- ##

hostname = Saras-MacBook-Pro-3.local
uname -m = x86_64
uname -r = 19.0.0
uname -s = Darwin
uname -v = Darwin Kernel Version 19.0.0: Wed Sep 25 20:18:50 PDT 2019; root:xnu-6153.11.26~2/RELEASE_X86_64

/usr/bin/uname -p = i386
/bin/uname -X     = unknown

/bin/arch              = unknown
/usr/bin/arch -k       = unknown
/usr/convex/getsysinfo = unknown
/usr/bin/hostinfo      = Mach kernel version:
	 Darwin Kernel Version 19.0.0: Wed Sep 25 20:18:50 PDT 2019; root:xnu-6153.11.26~2/RELEASE_X86_64
Kernel configured for up to 4 processors.
2 processors are physically available.
4 processors are logically available.
Processor type: x86_64h (Intel x86-64h Haswell)
Processors active: 0 1 2 3
Primary memory available: 16.00 gigabytes
Default processor set: 461 tasks, 2104 threads, 4 processors
Load average: 1.46, Mach factor: 2.52
/bin/machine           = unknown
/usr/bin/oslevel       = unknown
/bin/universe          = unknown

PATH: /Users/saraschaal/opt/anaconda3/bin
PATH: /Users/saraschaal/opt/anaconda3/condabin
PATH: /usr/local/bin
PATH: /usr/bin
PATH: /bin
PATH: /usr/sbin
PATH: /sbin
PATH: /Library/Apple/usr/bin
PATH: /Library/Apple/bin
PATH: /usr/local/ncbi/blast/bin
PATH: /Library/TeX/texbin


## ----------- ##
## Core tests. ##
## ----------- ##

configure:2334: checking for a BSD-compatible install
configure:2402: result: /usr/bin/install -c
configure:2413: checking whether build environment is sane
configure:2468: result: yes
configure:2619: checking for a thread-safe mkdir -p
configure:2658: result: config/install-sh -c -d
configure:2665: checking for gawk
configure:2695: result: no
configure:2665: checking for mawk
configure:2695: result: no
configure:2665: checking for nawk
configure:2695: result: no
configure:2665: checking for awk
configure:2681: found /usr/bin/awk
configure:2692: result: awk
configure:2703: checking whether make sets $(MAKE)
configure:2725: result: yes
configure:2754: checking whether make supports nested variables
configure:2771: result: yes
configure:2933: checking for g++
configure:2949: found /usr/bin/g++
configure:2960: result: g++
configure:2987: checking for C++ compiler version
configure:2996: g++ --version >&5
Apple clang version 11.0.0 (clang-1100.0.33.8)
Target: x86_64-apple-darwin19.0.0
Thread model: posix
InstalledDir: /Applications/Xcode.app/Contents/Developer/Toolchains/XcodeDefault.xctoolchain/usr/bin
Configured with: --prefix=/Applications/Xcode.app/Contents/Developer/usr --with-gxx-include-dir=/Applications/Xcode.app/Contents/Developer/Platforms/MacOSX.platform/Developer/SDKs/MacOSX.sdk/usr/include/c++/4.2.1
configure:3007: $? = 0
configure:2996: g++ -v >&5
Configured with: --prefix=/Applications/Xcode.app/Contents/Developer/usr --with-gxx-include-dir=/Applications/Xcode.app/Contents/Developer/Platforms/MacOSX.platform/Developer/SDKs/MacOSX.sdk/usr/include/c++/4.2.1
Apple clang version 11.0.0 (clang-1100.0.33.8)
Target: x86_64-apple-darwin19.0.0
Thread model: posix
InstalledDir: /Applications/Xcode.app/Contents/Developer/Toolchains/XcodeDefault.xctoolchain/usr/bin
configure:3007: $? = 0
configure:2996: g++ -V >&5
clang: error: unsupported option '-V -Wno-framework-include-private-from-public'
clang: error: no input files
configure:3007: $? = 1
configure:2996: g++ -qversion >&5
clang: error: unknown argument '-qversion', did you mean '--version'?
clang: error: no input files
configure:3007: $? = 1
configure:3027: checking whether the C++ compiler works
configure:3049: g++    conftest.cpp  >&5
configure:3053: $? = 0
configure:3101: result: yes
configure:3104: checking for C++ compiler default output file name
configure:3106: result: a.out
configure:3112: checking for suffix of executables
configure:3119: g++ -o conftest    conftest.cpp  >&5
configure:3123: $? = 0
configure:3145: result: 
configure:3167: checking whether we are cross compiling
configure:3175: g++ -o conftest    conftest.cpp  >&5
configure:3179: $? = 0
configure:3186: ./conftest
configure:3190: $? = 0
configure:3205: result: no
configure:3210: checking for suffix of object files
configure:3232: g++ -c   conftest.cpp >&5
configure:3236: $? = 0
configure:3257: result: o
configure:3261: checking whether we are using the GNU C++ compiler
configure:3280: g++ -c   conftest.cpp >&5
configure:3280: $? = 0
configure:3289: result: yes
configure:3298: checking whether g++ accepts -g
configure:3318: g++ -c -g  conftest.cpp >&5
configure:3318: $? = 0
configure:3359: result: yes
configure:3393: checking for style of include used by make
configure:3421: result: GNU
configure:3447: checking dependency style of g++
configure:3558: result: gcc3
configure:3621: checking for gcc
configure:3637: found /usr/bin/gcc
configure:3648: result: gcc
configure:3877: checking for C compiler version
configure:3886: gcc --version >&5
Apple clang version 11.0.0 (clang-1100.0.33.8)
Target: x86_64-apple-darwin19.0.0
Thread model: posix
InstalledDir: /Applications/Xcode.app/Contents/Developer/Toolchains/XcodeDefault.xctoolchain/usr/bin
Configured with: --prefix=/Applications/Xcode.app/Contents/Developer/usr --with-gxx-include-dir=/Applications/Xcode.app/Contents/Developer/Platforms/MacOSX.platform/Developer/SDKs/MacOSX.sdk/usr/include/c++/4.2.1
configure:3897: $? = 0
configure:3886: gcc -v >&5
Configured with: --prefix=/Applications/Xcode.app/Contents/Developer/usr --with-gxx-include-dir=/Applications/Xcode.app/Contents/Developer/Platforms/MacOSX.platform/Developer/SDKs/MacOSX.sdk/usr/include/c++/4.2.1
Apple clang version 11.0.0 (clang-1100.0.33.8)
Target: x86_64-apple-darwin19.0.0
Thread model: posix
InstalledDir: /Applications/Xcode.app/Contents/Developer/Toolchains/XcodeDefault.xctoolchain/usr/bin
configure:3897: $? = 0
configure:3886: gcc -V >&5
clang: error: unsupported option '-V -Wno-framework-include-private-from-public'
clang: error: no input files
configure:3897: $? = 1
configure:3886: gcc -qversion >&5
clang: error: unknown argument '-qversion', did you mean '--version'?
clang: error: no input files
configure:3897: $? = 1
configure:3901: checking whether we are using the GNU C compiler
configure:3920: gcc -c   conftest.c >&5
configure:3920: $? = 0
configure:3929: result: yes
configure:3938: checking whether gcc accepts -g
configure:3958: gcc -c -g  conftest.c >&5
configure:3958: $? = 0
configure:3999: result: yes
configure:4016: checking for gcc option to accept ISO C89
configure:4079: gcc  -c -g -O2  conftest.c >&5
configure:4079: $? = 0
configure:4092: result: none needed
configure:4114: checking dependency style of gcc
configure:4225: result: gcc3
configure:4241: checking whether gcc and cc understand -c and -o together
configure:4272: gcc -c conftest.c -o conftest2.o >&5
configure:4276: $? = 0
configure:4282: gcc -c conftest.c -o conftest2.o >&5
configure:4286: $? = 0
configure:4297: cc -c conftest.c >&5
configure:4301: $? = 0
configure:4309: cc -c conftest.c -o conftest2.o >&5
configure:4313: $? = 0
configure:4319: cc -c conftest.c -o conftest2.o >&5
configure:4323: $? = 0
configure:4341: result: yes
configure:4374: checking whether g++ supports C++11 features by default
configure:4668: g++ -c -g -O2  conftest.cpp >&5
conftest.cpp:22:2: error: "This is not a C++11 compiler"
#error "This is not a C++11 compiler"
 ^
1 error generated.
configure:4668: $? = 1
configure: failed program was:
| /* confdefs.h */
| #define PACKAGE_NAME "Stacks"
| #define PACKAGE_TARNAME "stacks"
| #define PACKAGE_VERSION "2.53"
| #define PACKAGE_STRING "Stacks 2.53"
| #define PACKAGE_BUGREPORT ""
| #define PACKAGE_URL ""
| #define PACKAGE "stacks"
| #define VERSION "2.53"
| /* end confdefs.h.  */
| 
| 
| // If the compiler admits that it is not ready for C++11, why torture it?
| // Hopefully, this will speed up the test.
| 
| #ifndef __cplusplus
| 
| #error "This is not a C++ compiler"
| 
| #elif __cplusplus < 201103L
| 
| #error "This is not a C++11 compiler"
| 
| #else
| 
| namespace cxx11
| {
| 
|   namespace test_static_assert
|   {
| 
|     template <typename T>
|     struct check
|     {
|       static_assert(sizeof(int) <= sizeof(T), "not big enough");
|     };
| 
|   }
| 
|   namespace test_final_override
|   {
| 
|     struct Base
|     {
|       virtual void f() {}
|     };
| 
|     struct Derived : public Base
|     {
|       virtual void f() override {}
|     };
| 
|   }
| 
|   namespace test_double_right_angle_brackets
|   {
| 
|     template < typename T >
|     struct check {};
| 
|     typedef check<void> single_type;
|     typedef check<check<void>> double_type;
|     typedef check<check<check<void>>> triple_type;
|     typedef check<check<check<check<void>>>> quadruple_type;
| 
|   }
| 
|   namespace test_decltype
|   {
| 
|     int
|     f()
|     {
|       int a = 1;
|       decltype(a) b = 2;
|       return a + b;
|     }
| 
|   }
| 
|   namespace test_type_deduction
|   {
| 
|     template < typename T1, typename T2 >
|     struct is_same
|     {
|       static const bool value = false;
|     };
| 
|     template < typename T >
|     struct is_same<T, T>
|     {
|       static const bool value = true;
|     };
| 
|     template < typename T1, typename T2 >
|     auto
|     add(T1 a1, T2 a2) -> decltype(a1 + a2)
|     {
|       return a1 + a2;
|     }
| 
|     int
|     test(const int c, volatile int v)
|     {
|       static_assert(is_same<int, decltype(0)>::value == true, "");
|       static_assert(is_same<int, decltype(c)>::value == false, "");
|       static_assert(is_same<int, decltype(v)>::value == false, "");
|       auto ac = c;
|       auto av = v;
|       auto sumi = ac + av + 'x';
|       auto sumf = ac + av + 1.0;
|       static_assert(is_same<int, decltype(ac)>::value == true, "");
|       static_assert(is_same<int, decltype(av)>::value == true, "");
|       static_assert(is_same<int, decltype(sumi)>::value == true, "");
|       static_assert(is_same<int, decltype(sumf)>::value == false, "");
|       static_assert(is_same<int, decltype(add(c, v))>::value == true, "");
|       return (sumf > 0.0) ? sumi : add(c, v);
|     }
| 
|   }
| 
|   namespace test_noexcept
|   {
| 
|     int f() { return 0; }
|     int g() noexcept { return 0; }
| 
|     static_assert(noexcept(f()) == false, "");
|     static_assert(noexcept(g()) == true, "");
| 
|   }
| 
|   namespace test_constexpr
|   {
| 
|     template < typename CharT >
|     unsigned long constexpr
|     strlen_c_r(const CharT *const s, const unsigned long acc) noexcept
|     {
|       return *s ? strlen_c_r(s + 1, acc + 1) : acc;
|     }
| 
|     template < typename CharT >
|     unsigned long constexpr
|     strlen_c(const CharT *const s) noexcept
|     {
|       return strlen_c_r(s, 0UL);
|     }
| 
|     static_assert(strlen_c("") == 0UL, "");
|     static_assert(strlen_c("1") == 1UL, "");
|     static_assert(strlen_c("example") == 7UL, "");
|     static_assert(strlen_c("another\0example") == 7UL, "");
| 
|   }
| 
|   namespace test_rvalue_references
|   {
| 
|     template < int N >
|     struct answer
|     {
|       static constexpr int value = N;
|     };
| 
|     answer<1> f(int&)       { return answer<1>(); }
|     answer<2> f(const int&) { return answer<2>(); }
|     answer<3> f(int&&)      { return answer<3>(); }
| 
|     void
|     test()
|     {
|       int i = 0;
|       const int c = 0;
|       static_assert(decltype(f(i))::value == 1, "");
|       static_assert(decltype(f(c))::value == 2, "");
|       static_assert(decltype(f(0))::value == 3, "");
|     }
| 
|   }
| 
|   namespace test_uniform_initialization
|   {
| 
|     struct test
|     {
|       static const int zero {};
|       static const int one {1};
|     };
| 
|     static_assert(test::zero == 0, "");
|     static_assert(test::one == 1, "");
| 
|   }
| 
|   namespace test_lambdas
|   {
| 
|     void
|     test1()
|     {
|       auto lambda1 = [](){};
|       auto lambda2 = lambda1;
|       lambda1();
|       lambda2();
|     }
| 
|     int
|     test2()
|     {
|       auto a = [](int i, int j){ return i + j; }(1, 2);
|       auto b = []() -> int { return '0'; }();
|       auto c = [=](){ return a + b; }();
|       auto d = [&](){ return c; }();
|       auto e = [a, &b](int x) mutable {
|         const auto identity = [](int y){ return y; };
|         for (auto i = 0; i < a; ++i)
|           a += b--;
|         return x + identity(a + b);
|       }(0);
|       return a + b + c + d + e;
|     }
| 
|     int
|     test3()
|     {
|       const auto nullary = [](){ return 0; };
|       const auto unary = [](int x){ return x; };
|       using nullary_t = decltype(nullary);
|       using unary_t = decltype(unary);
|       const auto higher1st = [](nullary_t f){ return f(); };
|       const auto higher2nd = [unary](nullary_t f1){
|         return [unary, f1](unary_t f2){ return f2(unary(f1())); };
|       };
|       return higher1st(nullary) + higher2nd(nullary)(unary);
|     }
| 
|   }
| 
|   namespace test_variadic_templates
|   {
| 
|     template <int...>
|     struct sum;
| 
|     template <int N0, int... N1toN>
|     struct sum<N0, N1toN...>
|     {
|       static constexpr auto value = N0 + sum<N1toN...>::value;
|     };
| 
|     template <>
|     struct sum<>
|     {
|       static constexpr auto value = 0;
|     };
| 
|     static_assert(sum<>::value == 0, "");
|     static_assert(sum<1>::value == 1, "");
|     static_assert(sum<23>::value == 23, "");
|     static_assert(sum<1, 2>::value == 3, "");
|     static_assert(sum<5, 5, 11>::value == 21, "");
|     static_assert(sum<2, 3, 5, 7, 11, 13>::value == 41, "");
| 
|   }
| 
|   // http://stackoverflow.com/questions/13728184/template-aliases-and-sfinae
|   // Clang 3.1 fails with headers of libstd++ 4.8.3 when using std::function
|   // because of this.
|   namespace test_template_alias_sfinae
|   {
| 
|     struct foo {};
| 
|     template<typename T>
|     using member = typename T::member_type;
| 
|     template<typename T>
|     void func(...) {}
| 
|     template<typename T>
|     void func(member<T>*) {}
| 
|     void test();
| 
|     void test() { func<foo>(0); }
| 
|   }
| 
| }  // namespace cxx11
| 
| #endif  // __cplusplus >= 201103L
| 
| 
| 
configure:4675: result: no
configure:4684: checking whether g++ supports C++11 features with -std=gnu++11
configure:4980: g++ -std=gnu++11 -c -g -O2  conftest.cpp >&5
configure:4980: $? = 0
configure:4989: result: yes
configure:5390: checking for ranlib
configure:5406: found /usr/bin/ranlib
configure:5417: result: ranlib
configure:5489: checking for ar
configure:5505: found /usr/bin/ar
configure:5516: result: ar
configure:5542: checking the archiver (ar) interface
configure:5552: gcc -c -g -O2  conftest.c >&5
configure:5552: $? = 0
configure:5554: ar cru libconftest.a conftest.o >&5
configure:5557: $? = 0
configure:5580: result: ar
configure:5602: checking for omp_set_num_threads in -lgomp
configure:5627: gcc -o conftest -g -O2   conftest.c -lgomp   >&5
ld: library not found for -lgomp
clang: error: linker command failed with exit code 1 (use -v to see invocation)
configure:5627: $? = 1
configure: failed program was:
| /* confdefs.h */
| #define PACKAGE_NAME "Stacks"
| #define PACKAGE_TARNAME "stacks"
| #define PACKAGE_VERSION "2.53"
| #define PACKAGE_STRING "Stacks 2.53"
| #define PACKAGE_BUGREPORT ""
| #define PACKAGE_URL ""
| #define PACKAGE "stacks"
| #define VERSION "2.53"
| #define HAVE_CXX11 1
| /* end confdefs.h.  */
| 
| /* Override any GCC internal prototype to avoid an error.
|    Use char because int might match the return type of a GCC
|    builtin and then its argument prototype would still apply.  */
| #ifdef __cplusplus
| extern "C"
| #endif
| char omp_set_num_threads ();
| int
| main ()
| {
| return omp_set_num_threads ();
|   ;
|   return 0;
| }
configure:5636: result: no
configure:5646: WARNING: Unable to locate OpenMP library, you should probably specify '--disable-openmp'.
configure:5650: checking for gzread in -lz
configure:5675: gcc -o conftest -g -O2   conftest.c -lz   >&5
configure:5675: $? = 0
configure:5684: result: yes
configure:5702: checking for dirent.h that defines DIR
configure:5721: gcc -c -g -O2  conftest.c >&5
configure:5721: $? = 0
configure:5729: result: yes
configure:5742: checking for library containing opendir
configure:5773: gcc -o conftest -g -O2   conftest.c -lz  >&5
configure:5773: $? = 0
configure:5790: result: none required
configure:5862: checking how to run the C preprocessor
configure:5893: gcc -E  conftest.c
configure:5893: $? = 0
configure:5907: gcc -E  conftest.c
conftest.c:14:10: fatal error: 'ac_nonexistent.h' file not found
#include <ac_nonexistent.h>
         ^~~~~~~~~~~~~~~~~~
1 error generated.
configure:5907: $? = 1
configure: failed program was:
| /* confdefs.h */
| #define PACKAGE_NAME "Stacks"
| #define PACKAGE_TARNAME "stacks"
| #define PACKAGE_VERSION "2.53"
| #define PACKAGE_STRING "Stacks 2.53"
| #define PACKAGE_BUGREPORT ""
| #define PACKAGE_URL ""
| #define PACKAGE "stacks"
| #define VERSION "2.53"
| #define HAVE_CXX11 1
| #define HAVE_LIBZ 1
| #define HAVE_DIRENT_H 1
| /* end confdefs.h.  */
| #include <ac_nonexistent.h>
configure:5932: result: gcc -E
configure:5952: gcc -E  conftest.c
configure:5952: $? = 0
configure:5966: gcc -E  conftest.c
conftest.c:14:10: fatal error: 'ac_nonexistent.h' file not found
#include <ac_nonexistent.h>
         ^~~~~~~~~~~~~~~~~~
1 error generated.
configure:5966: $? = 1
configure: failed program was:
| /* confdefs.h */
| #define PACKAGE_NAME "Stacks"
| #define PACKAGE_TARNAME "stacks"
| #define PACKAGE_VERSION "2.53"
| #define PACKAGE_STRING "Stacks 2.53"
| #define PACKAGE_BUGREPORT ""
| #define PACKAGE_URL ""
| #define PACKAGE "stacks"
| #define VERSION "2.53"
| #define HAVE_CXX11 1
| #define HAVE_LIBZ 1
| #define HAVE_DIRENT_H 1
| /* end confdefs.h.  */
| #include <ac_nonexistent.h>
configure:5995: checking for grep that handles long lines and -e
configure:6053: result: /usr/bin/grep
configure:6058: checking for egrep
configure:6120: result: /usr/bin/grep -E
configure:6125: checking for ANSI C header files
configure:6145: gcc -c -g -O2  conftest.c >&5
configure:6145: $? = 0
configure:6218: gcc -o conftest -g -O2   conftest.c -lz  >&5
configure:6218: $? = 0
configure:6218: ./conftest
configure:6218: $? = 0
configure:6229: result: yes
configure:6242: checking for sys/types.h
configure:6242: gcc -c -g -O2  conftest.c >&5
configure:6242: $? = 0
configure:6242: result: yes
configure:6242: checking for sys/stat.h
configure:6242: gcc -c -g -O2  conftest.c >&5
configure:6242: $? = 0
configure:6242: result: yes
configure:6242: checking for stdlib.h
configure:6242: gcc -c -g -O2  conftest.c >&5
configure:6242: $? = 0
configure:6242: result: yes
configure:6242: checking for string.h
configure:6242: gcc -c -g -O2  conftest.c >&5
configure:6242: $? = 0
configure:6242: result: yes
configure:6242: checking for memory.h
configure:6242: gcc -c -g -O2  conftest.c >&5
configure:6242: $? = 0
configure:6242: result: yes
configure:6242: checking for strings.h
configure:6242: gcc -c -g -O2  conftest.c >&5
configure:6242: $? = 0
configure:6242: result: yes
configure:6242: checking for inttypes.h
configure:6242: gcc -c -g -O2  conftest.c >&5
configure:6242: $? = 0
configure:6242: result: yes
configure:6242: checking for stdint.h
configure:6242: gcc -c -g -O2  conftest.c >&5
configure:6242: $? = 0
configure:6242: result: yes
configure:6242: checking for unistd.h
configure:6242: gcc -c -g -O2  conftest.c >&5
configure:6242: $? = 0
configure:6242: result: yes
configure:6257: checking float.h usability
configure:6257: gcc -c -g -O2  conftest.c >&5
configure:6257: $? = 0
configure:6257: result: yes
configure:6257: checking float.h presence
configure:6257: gcc -E  conftest.c
configure:6257: $? = 0
configure:6257: result: yes
configure:6257: checking for float.h
configure:6257: result: yes
configure:6257: checking limits.h usability
configure:6257: gcc -c -g -O2  conftest.c >&5
configure:6257: $? = 0
configure:6257: result: yes
configure:6257: checking limits.h presence
configure:6257: gcc -E  conftest.c
configure:6257: $? = 0
configure:6257: result: yes
configure:6257: checking for limits.h
configure:6257: result: yes
configure:6257: checking for stdlib.h
configure:6257: result: yes
configure:6257: checking for string.h
configure:6257: result: yes
configure:6269: checking for unistd.h
configure:6269: result: yes
configure:6289: checking for gcc option to support OpenMP
configure:6304: gcc -o conftest -g -O2   conftest.c -lz  >&5
conftest.c:31:2: error: unknown type name 'choke'
 choke me
 ^
conftest.c:33:10: fatal error: 'omp.h' file not found
#include <omp.h>
         ^~~~~~~
2 errors generated.
configure:6304: $? = 1
configure: failed program was:
| /* confdefs.h */
| #define PACKAGE_NAME "Stacks"
| #define PACKAGE_TARNAME "stacks"
| #define PACKAGE_VERSION "2.53"
| #define PACKAGE_STRING "Stacks 2.53"
| #define PACKAGE_BUGREPORT ""
| #define PACKAGE_URL ""
| #define PACKAGE "stacks"
| #define VERSION "2.53"
| #define HAVE_CXX11 1
| #define HAVE_LIBZ 1
| #define HAVE_DIRENT_H 1
| #define STDC_HEADERS 1
| #define HAVE_SYS_TYPES_H 1
| #define HAVE_SYS_STAT_H 1
| #define HAVE_STDLIB_H 1
| #define HAVE_STRING_H 1
| #define HAVE_MEMORY_H 1
| #define HAVE_STRINGS_H 1
| #define HAVE_INTTYPES_H 1
| #define HAVE_STDINT_H 1
| #define HAVE_UNISTD_H 1
| #define HAVE_FLOAT_H 1
| #define HAVE_LIMITS_H 1
| #define HAVE_STDLIB_H 1
| #define HAVE_STRING_H 1
| #define HAVE_UNISTD_H 1
| /* end confdefs.h.  */
| 
| #ifndef _OPENMP
|  choke me
| #endif
| #include <omp.h>
| int main () { return omp_get_num_threads (); }
| 
configure:6322: gcc -o conftest -g -O2 -fopenmp   conftest.c -lz  >&5
clang: error: unsupported option '-fopenmp'
clang: error: unsupported option '-fopenmp'
configure:6322: $? = 1
configure: failed program was:
| /* confdefs.h */
| #define PACKAGE_NAME "Stacks"
| #define PACKAGE_TARNAME "stacks"
| #define PACKAGE_VERSION "2.53"
| #define PACKAGE_STRING "Stacks 2.53"
| #define PACKAGE_BUGREPORT ""
| #define PACKAGE_URL ""
| #define PACKAGE "stacks"
| #define VERSION "2.53"
| #define HAVE_CXX11 1
| #define HAVE_LIBZ 1
| #define HAVE_DIRENT_H 1
| #define STDC_HEADERS 1
| #define HAVE_SYS_TYPES_H 1
| #define HAVE_SYS_STAT_H 1
| #define HAVE_STDLIB_H 1
| #define HAVE_STRING_H 1
| #define HAVE_MEMORY_H 1
| #define HAVE_STRINGS_H 1
| #define HAVE_INTTYPES_H 1
| #define HAVE_STDINT_H 1
| #define HAVE_UNISTD_H 1
| #define HAVE_FLOAT_H 1
| #define HAVE_LIMITS_H 1
| #define HAVE_STDLIB_H 1
| #define HAVE_STRING_H 1
| #define HAVE_UNISTD_H 1
| /* end confdefs.h.  */
| 
| #ifndef _OPENMP
|  choke me
| #endif
| #include <omp.h>
| int main () { return omp_get_num_threads (); }
| 
configure:6322: gcc -o conftest -g -O2 -xopenmp   conftest.c -lz  >&5
clang: error: language not recognized: 'openmp'
configure:6322: $? = 1
configure: failed program was:
| /* confdefs.h */
| #define PACKAGE_NAME "Stacks"
| #define PACKAGE_TARNAME "stacks"
| #define PACKAGE_VERSION "2.53"
| #define PACKAGE_STRING "Stacks 2.53"
| #define PACKAGE_BUGREPORT ""
| #define PACKAGE_URL ""
| #define PACKAGE "stacks"
| #define VERSION "2.53"
| #define HAVE_CXX11 1
| #define HAVE_LIBZ 1
| #define HAVE_DIRENT_H 1
| #define STDC_HEADERS 1
| #define HAVE_SYS_TYPES_H 1
| #define HAVE_SYS_STAT_H 1
| #define HAVE_STDLIB_H 1
| #define HAVE_STRING_H 1
| #define HAVE_MEMORY_H 1
| #define HAVE_STRINGS_H 1
| #define HAVE_INTTYPES_H 1
| #define HAVE_STDINT_H 1
| #define HAVE_UNISTD_H 1
| #define HAVE_FLOAT_H 1
| #define HAVE_LIMITS_H 1
| #define HAVE_STDLIB_H 1
| #define HAVE_STRING_H 1
| #define HAVE_UNISTD_H 1
| /* end confdefs.h.  */
| 
| #ifndef _OPENMP
|  choke me
| #endif
| #include <omp.h>
| int main () { return omp_get_num_threads (); }
| 
configure:6322: gcc -o conftest -g -O2 -openmp   conftest.c -lz  >&5
conftest.c:31:2: error: unknown type name 'choke'
 choke me
 ^
conftest.c:33:10: fatal error: 'omp.h' file not found
#include <omp.h>
         ^~~~~~~
2 errors generated.
configure:6322: $? = 1
configure: failed program was:
| /* confdefs.h */
| #define PACKAGE_NAME "Stacks"
| #define PACKAGE_TARNAME "stacks"
| #define PACKAGE_VERSION "2.53"
| #define PACKAGE_STRING "Stacks 2.53"
| #define PACKAGE_BUGREPORT ""
| #define PACKAGE_URL ""
| #define PACKAGE "stacks"
| #define VERSION "2.53"
| #define HAVE_CXX11 1
| #define HAVE_LIBZ 1
| #define HAVE_DIRENT_H 1
| #define STDC_HEADERS 1
| #define HAVE_SYS_TYPES_H 1
| #define HAVE_SYS_STAT_H 1
| #define HAVE_STDLIB_H 1
| #define HAVE_STRING_H 1
| #define HAVE_MEMORY_H 1
| #define HAVE_STRINGS_H 1
| #define HAVE_INTTYPES_H 1
| #define HAVE_STDINT_H 1
| #define HAVE_UNISTD_H 1
| #define HAVE_FLOAT_H 1
| #define HAVE_LIMITS_H 1
| #define HAVE_STDLIB_H 1
| #define HAVE_STRING_H 1
| #define HAVE_UNISTD_H 1
| /* end confdefs.h.  */
| 
| #ifndef _OPENMP
|  choke me
| #endif
| #include <omp.h>
| int main () { return omp_get_num_threads (); }
| 
configure:6322: gcc -o conftest -g -O2 -mp   conftest.c -lz  >&5
clang: error: unknown argument '-mp', did you mean '-mtp='?
configure:6322: $? = 1
configure: failed program was:
| /* confdefs.h */
| #define PACKAGE_NAME "Stacks"
| #define PACKAGE_TARNAME "stacks"
| #define PACKAGE_VERSION "2.53"
| #define PACKAGE_STRING "Stacks 2.53"
| #define PACKAGE_BUGREPORT ""
| #define PACKAGE_URL ""
| #define PACKAGE "stacks"
| #define VERSION "2.53"
| #define HAVE_CXX11 1
| #define HAVE_LIBZ 1
| #define HAVE_DIRENT_H 1
| #define STDC_HEADERS 1
| #define HAVE_SYS_TYPES_H 1
| #define HAVE_SYS_STAT_H 1
| #define HAVE_STDLIB_H 1
| #define HAVE_STRING_H 1
| #define HAVE_MEMORY_H 1
| #define HAVE_STRINGS_H 1
| #define HAVE_INTTYPES_H 1
| #define HAVE_STDINT_H 1
| #define HAVE_UNISTD_H 1
| #define HAVE_FLOAT_H 1
| #define HAVE_LIMITS_H 1
| #define HAVE_STDLIB_H 1
| #define HAVE_STRING_H 1
| #define HAVE_UNISTD_H 1
| /* end confdefs.h.  */
| 
| #ifndef _OPENMP
|  choke me
| #endif
| #include <omp.h>
| int main () { return omp_get_num_threads (); }
| 
configure:6322: gcc -o conftest -g -O2 -omp   conftest.c -lz  >&5
conftest.c:31:2: error: unknown type name 'choke'
 choke me
 ^
conftest.c:33:10: fatal error: 'omp.h' file not found
#include <omp.h>
         ^~~~~~~
2 errors generated.
configure:6322: $? = 1
configure: failed program was:
| /* confdefs.h */
| #define PACKAGE_NAME "Stacks"
| #define PACKAGE_TARNAME "stacks"
| #define PACKAGE_VERSION "2.53"
| #define PACKAGE_STRING "Stacks 2.53"
| #define PACKAGE_BUGREPORT ""
| #define PACKAGE_URL ""
| #define PACKAGE "stacks"
| #define VERSION "2.53"
| #define HAVE_CXX11 1
| #define HAVE_LIBZ 1
| #define HAVE_DIRENT_H 1
| #define STDC_HEADERS 1
| #define HAVE_SYS_TYPES_H 1
| #define HAVE_SYS_STAT_H 1
| #define HAVE_STDLIB_H 1
| #define HAVE_STRING_H 1
| #define HAVE_MEMORY_H 1
| #define HAVE_STRINGS_H 1
| #define HAVE_INTTYPES_H 1
| #define HAVE_STDINT_H 1
| #define HAVE_UNISTD_H 1
| #define HAVE_FLOAT_H 1
| #define HAVE_LIMITS_H 1
| #define HAVE_STDLIB_H 1
| #define HAVE_STRING_H 1
| #define HAVE_UNISTD_H 1
| /* end confdefs.h.  */
| 
| #ifndef _OPENMP
|  choke me
| #endif
| #include <omp.h>
| int main () { return omp_get_num_threads (); }
| 
configure:6322: gcc -o conftest -g -O2 -qsmp=omp   conftest.c -lz  >&5
clang: error: unknown argument: '-qsmp=omp'
configure:6322: $? = 1
configure: failed program was:
| /* confdefs.h */
| #define PACKAGE_NAME "Stacks"
| #define PACKAGE_TARNAME "stacks"
| #define PACKAGE_VERSION "2.53"
| #define PACKAGE_STRING "Stacks 2.53"
| #define PACKAGE_BUGREPORT ""
| #define PACKAGE_URL ""
| #define PACKAGE "stacks"
| #define VERSION "2.53"
| #define HAVE_CXX11 1
| #define HAVE_LIBZ 1
| #define HAVE_DIRENT_H 1
| #define STDC_HEADERS 1
| #define HAVE_SYS_TYPES_H 1
| #define HAVE_SYS_STAT_H 1
| #define HAVE_STDLIB_H 1
| #define HAVE_STRING_H 1
| #define HAVE_MEMORY_H 1
| #define HAVE_STRINGS_H 1
| #define HAVE_INTTYPES_H 1
| #define HAVE_STDINT_H 1
| #define HAVE_UNISTD_H 1
| #define HAVE_FLOAT_H 1
| #define HAVE_LIMITS_H 1
| #define HAVE_STDLIB_H 1
| #define HAVE_STRING_H 1
| #define HAVE_UNISTD_H 1
| /* end confdefs.h.  */
| 
| #ifndef _OPENMP
|  choke me
| #endif
| #include <omp.h>
| int main () { return omp_get_num_threads (); }
| 
configure:6322: gcc -o conftest -g -O2 -homp   conftest.c -lz  >&5
clang: error: unknown argument: '-homp'
configure:6322: $? = 1
configure: failed program was:
| /* confdefs.h */
| #define PACKAGE_NAME "Stacks"
| #define PACKAGE_TARNAME "stacks"
| #define PACKAGE_VERSION "2.53"
| #define PACKAGE_STRING "Stacks 2.53"
| #define PACKAGE_BUGREPORT ""
| #define PACKAGE_URL ""
| #define PACKAGE "stacks"
| #define VERSION "2.53"
| #define HAVE_CXX11 1
| #define HAVE_LIBZ 1
| #define HAVE_DIRENT_H 1
| #define STDC_HEADERS 1
| #define HAVE_SYS_TYPES_H 1
| #define HAVE_SYS_STAT_H 1
| #define HAVE_STDLIB_H 1
| #define HAVE_STRING_H 1
| #define HAVE_MEMORY_H 1
| #define HAVE_STRINGS_H 1
| #define HAVE_INTTYPES_H 1
| #define HAVE_STDINT_H 1
| #define HAVE_UNISTD_H 1
| #define HAVE_FLOAT_H 1
| #define HAVE_LIMITS_H 1
| #define HAVE_STDLIB_H 1
| #define HAVE_STRING_H 1
| #define HAVE_UNISTD_H 1
| /* end confdefs.h.  */
| 
| #ifndef _OPENMP
|  choke me
| #endif
| #include <omp.h>
| int main () { return omp_get_num_threads (); }
| 
configure:6322: gcc -o conftest -g -O2 -Popenmp   conftest.c -lz  >&5
clang: error: unknown argument '-Popenmp', did you mean '-fopenmp='?
configure:6322: $? = 1
configure: failed program was:
| /* confdefs.h */
| #define PACKAGE_NAME "Stacks"
| #define PACKAGE_TARNAME "stacks"
| #define PACKAGE_VERSION "2.53"
| #define PACKAGE_STRING "Stacks 2.53"
| #define PACKAGE_BUGREPORT ""
| #define PACKAGE_URL ""
| #define PACKAGE "stacks"
| #define VERSION "2.53"
| #define HAVE_CXX11 1
| #define HAVE_LIBZ 1
| #define HAVE_DIRENT_H 1
| #define STDC_HEADERS 1
| #define HAVE_SYS_TYPES_H 1
| #define HAVE_SYS_STAT_H 1
| #define HAVE_STDLIB_H 1
| #define HAVE_STRING_H 1
| #define HAVE_MEMORY_H 1
| #define HAVE_STRINGS_H 1
| #define HAVE_INTTYPES_H 1
| #define HAVE_STDINT_H 1
| #define HAVE_UNISTD_H 1
| #define HAVE_FLOAT_H 1
| #define HAVE_LIMITS_H 1
| #define HAVE_STDLIB_H 1
| #define HAVE_STRING_H 1
| #define HAVE_UNISTD_H 1
| /* end confdefs.h.  */
| 
| #ifndef _OPENMP
|  choke me
| #endif
| #include <omp.h>
| int main () { return omp_get_num_threads (); }
| 
configure:6322: gcc -o conftest -g -O2 --openmp   conftest.c -lz  >&5
clang: error: unsupported option '--openmp', did you mean '-fopenmp='?
configure:6322: $? = 1
configure: failed program was:
| /* confdefs.h */
| #define PACKAGE_NAME "Stacks"
| #define PACKAGE_TARNAME "stacks"
| #define PACKAGE_VERSION "2.53"
| #define PACKAGE_STRING "Stacks 2.53"
| #define PACKAGE_BUGREPORT ""
| #define PACKAGE_URL ""
| #define PACKAGE "stacks"
| #define VERSION "2.53"
| #define HAVE_CXX11 1
| #define HAVE_LIBZ 1
| #define HAVE_DIRENT_H 1
| #define STDC_HEADERS 1
| #define HAVE_SYS_TYPES_H 1
| #define HAVE_SYS_STAT_H 1
| #define HAVE_STDLIB_H 1
| #define HAVE_STRING_H 1
| #define HAVE_MEMORY_H 1
| #define HAVE_STRINGS_H 1
| #define HAVE_INTTYPES_H 1
| #define HAVE_STDINT_H 1
| #define HAVE_UNISTD_H 1
| #define HAVE_FLOAT_H 1
| #define HAVE_LIMITS_H 1
| #define HAVE_STDLIB_H 1
| #define HAVE_STRING_H 1
| #define HAVE_UNISTD_H 1
| /* end confdefs.h.  */
| 
| #ifndef _OPENMP
|  choke me
| #endif
| #include <omp.h>
| int main () { return omp_get_num_threads (); }
| 
configure:6336: result: unsupported
configure:6349: checking for stdbool.h that conforms to C99
configure:6416: gcc -c -g -O2  conftest.c >&5
conftest.c:78:24: warning: address of 's' will always evaluate to 'true' [-Wpointer-bool-conversion]
             bool e = &s;
                  ~    ^
conftest.c:82:23: warning: address of array 'a' will always evaluate to 'true' [-Wpointer-bool-conversion]
             return (!a + !b + !c + !d + !e + !f + !g + !h + !i + !!j + !k + !!l
                     ~^
conftest.c:82:28: warning: address of array 'b' will always evaluate to 'true' [-Wpointer-bool-conversion]
             return (!a + !b + !c + !d + !e + !f + !g + !h + !i + !!j + !k + !!l
                          ~^
conftest.c:82:33: warning: address of array 'c' will always evaluate to 'true' [-Wpointer-bool-conversion]
             return (!a + !b + !c + !d + !e + !f + !g + !h + !i + !!j + !k + !!l
                               ~^
conftest.c:82:38: warning: address of array 'd' will always evaluate to 'true' [-Wpointer-bool-conversion]
             return (!a + !b + !c + !d + !e + !f + !g + !h + !i + !!j + !k + !!l
                                    ~^
conftest.c:82:48: warning: address of array 'f' will always evaluate to 'true' [-Wpointer-bool-conversion]
             return (!a + !b + !c + !d + !e + !f + !g + !h + !i + !!j + !k + !!l
                                              ~^
conftest.c:82:53: warning: address of array 'g' will always evaluate to 'true' [-Wpointer-bool-conversion]
             return (!a + !b + !c + !d + !e + !f + !g + !h + !i + !!j + !k + !!l
                                                   ~^
conftest.c:82:58: warning: address of array 'h' will always evaluate to 'true' [-Wpointer-bool-conversion]
             return (!a + !b + !c + !d + !e + !f + !g + !h + !i + !!j + !k + !!l
                                                        ~^
conftest.c:82:63: warning: address of array 'i' will always evaluate to 'true' [-Wpointer-bool-conversion]
             return (!a + !b + !c + !d + !e + !f + !g + !h + !i + !!j + !k + !!l
                                                             ~^
conftest.c:83:30: warning: address of array 'n' will always evaluate to 'true' [-Wpointer-bool-conversion]
                            ~^
conftest.c:83:35: warning: address of array 'o' will always evaluate to 'true' [-Wpointer-bool-conversion]
                                 ~^
conftest.c:83:40: warning: address of array 'p' will always evaluate to 'true' [-Wpointer-bool-conversion]
                                      ~^
12 warnings generated.
configure:6416: $? = 0
configure:6423: result: yes
configure:6425: checking for _Bool
configure:6425: gcc -c -g -O2  conftest.c >&5
configure:6425: $? = 0
configure:6425: gcc -c -g -O2  conftest.c >&5
conftest.c:65:20: error: expected expression
if (sizeof ((_Bool)))
                   ^
1 error generated.
configure:6425: $? = 1
configure: failed program was:
| /* confdefs.h */
| #define PACKAGE_NAME "Stacks"
| #define PACKAGE_TARNAME "stacks"
| #define PACKAGE_VERSION "2.53"
| #define PACKAGE_STRING "Stacks 2.53"
| #define PACKAGE_BUGREPORT ""
| #define PACKAGE_URL ""
| #define PACKAGE "stacks"
| #define VERSION "2.53"
| #define HAVE_CXX11 1
| #define HAVE_LIBZ 1
| #define HAVE_DIRENT_H 1
| #define STDC_HEADERS 1
| #define HAVE_SYS_TYPES_H 1
| #define HAVE_SYS_STAT_H 1
| #define HAVE_STDLIB_H 1
| #define HAVE_STRING_H 1
| #define HAVE_MEMORY_H 1
| #define HAVE_STRINGS_H 1
| #define HAVE_INTTYPES_H 1
| #define HAVE_STDINT_H 1
| #define HAVE_UNISTD_H 1
| #define HAVE_FLOAT_H 1
| #define HAVE_LIMITS_H 1
| #define HAVE_STDLIB_H 1
| #define HAVE_STRING_H 1
| #define HAVE_UNISTD_H 1
| /* end confdefs.h.  */
| #include <stdio.h>
| #ifdef HAVE_SYS_TYPES_H
| # include <sys/types.h>
| #endif
| #ifdef HAVE_SYS_STAT_H
| # include <sys/stat.h>
| #endif
| #ifdef STDC_HEADERS
| # include <stdlib.h>
| # include <stddef.h>
| #else
| # ifdef HAVE_STDLIB_H
| #  include <stdlib.h>
| # endif
| #endif
| #ifdef HAVE_STRING_H
| # if !defined STDC_HEADERS && defined HAVE_MEMORY_H
| #  include <memory.h>
| # endif
| # include <string.h>
| #endif
| #ifdef HAVE_STRINGS_H
| # include <strings.h>
| #endif
| #ifdef HAVE_INTTYPES_H
| # include <inttypes.h>
| #endif
| #ifdef HAVE_STDINT_H
| # include <stdint.h>
| #endif
| #ifdef HAVE_UNISTD_H
| # include <unistd.h>
| #endif
| int
| main ()
| {
| if (sizeof ((_Bool)))
| 	    return 0;
|   ;
|   return 0;
| }
configure:6425: result: yes
configure:6442: checking for an ANSI C-conforming const
configure:6508: gcc -c -g -O2  conftest.c >&5
configure:6508: $? = 0
configure:6515: result: yes
configure:6523: checking for size_t
configure:6523: gcc -c -g -O2  conftest.c >&5
configure:6523: $? = 0
configure:6523: gcc -c -g -O2  conftest.c >&5
conftest.c:67:21: error: expected expression
if (sizeof ((size_t)))
                    ^
1 error generated.
configure:6523: $? = 1
configure: failed program was:
| /* confdefs.h */
| #define PACKAGE_NAME "Stacks"
| #define PACKAGE_TARNAME "stacks"
| #define PACKAGE_VERSION "2.53"
| #define PACKAGE_STRING "Stacks 2.53"
| #define PACKAGE_BUGREPORT ""
| #define PACKAGE_URL ""
| #define PACKAGE "stacks"
| #define VERSION "2.53"
| #define HAVE_CXX11 1
| #define HAVE_LIBZ 1
| #define HAVE_DIRENT_H 1
| #define STDC_HEADERS 1
| #define HAVE_SYS_TYPES_H 1
| #define HAVE_SYS_STAT_H 1
| #define HAVE_STDLIB_H 1
| #define HAVE_STRING_H 1
| #define HAVE_MEMORY_H 1
| #define HAVE_STRINGS_H 1
| #define HAVE_INTTYPES_H 1
| #define HAVE_STDINT_H 1
| #define HAVE_UNISTD_H 1
| #define HAVE_FLOAT_H 1
| #define HAVE_LIMITS_H 1
| #define HAVE_STDLIB_H 1
| #define HAVE_STRING_H 1
| #define HAVE_UNISTD_H 1
| #define HAVE__BOOL 1
| #define HAVE_STDBOOL_H 1
| /* end confdefs.h.  */
| #include <stdio.h>
| #ifdef HAVE_SYS_TYPES_H
| # include <sys/types.h>
| #endif
| #ifdef HAVE_SYS_STAT_H
| # include <sys/stat.h>
| #endif
| #ifdef STDC_HEADERS
| # include <stdlib.h>
| # include <stddef.h>
| #else
| # ifdef HAVE_STDLIB_H
| #  include <stdlib.h>
| # endif
| #endif
| #ifdef HAVE_STRING_H
| # if !defined STDC_HEADERS && defined HAVE_MEMORY_H
| #  include <memory.h>
| # endif
| # include <string.h>
| #endif
| #ifdef HAVE_STRINGS_H
| # include <strings.h>
| #endif
| #ifdef HAVE_INTTYPES_H
| # include <inttypes.h>
| #endif
| #ifdef HAVE_STDINT_H
| # include <stdint.h>
| #endif
| #ifdef HAVE_UNISTD_H
| # include <unistd.h>
| #endif
| int
| main ()
| {
| if (sizeof ((size_t)))
| 	    return 0;
|   ;
|   return 0;
| }
configure:6523: result: yes
configure:6536: checking whether closedir returns void
configure:6560: gcc -o conftest -g -O2   conftest.c -lz  >&5
configure:6560: $? = 0
configure:6560: ./conftest
configure:6560: $? = 0
configure:6570: result: no
configure:6580: checking for stdlib.h
configure:6580: result: yes
configure:6590: checking for GNU libc compatible malloc
configure:6614: gcc -o conftest -g -O2   conftest.c -lz  >&5
configure:6614: $? = 0
configure:6614: ./conftest
configure:6614: $? = 0
configure:6624: result: yes
configure:6647: checking for stdlib.h
configure:6647: result: yes
configure:6657: checking for GNU libc compatible realloc
configure:6681: gcc -o conftest -g -O2   conftest.c -lz  >&5
configure:6681: $? = 0
configure:6681: ./conftest
configure:6681: $? = 0
configure:6691: result: yes
configure:6715: checking for floor
configure:6715: gcc -o conftest -g -O2   conftest.c -lz  >&5
conftest.c:58:6: warning: incompatible redeclaration of library function 'floor' [-Wincompatible-library-redeclaration]
char floor ();
     ^
conftest.c:58:6: note: 'floor' is a builtin with type 'double (double)'
1 warning generated.
configure:6715: $? = 0
configure:6715: result: yes
configure:6715: checking for memset
configure:6715: gcc -o conftest -g -O2   conftest.c -lz  >&5
conftest.c:59:6: warning: incompatible redeclaration of library function 'memset' [-Wincompatible-library-redeclaration]
char memset ();
     ^
conftest.c:59:6: note: 'memset' is a builtin with type 'void *(void *, int, unsigned long)'
1 warning generated.
configure:6715: $? = 0
configure:6715: result: yes
configure:6715: checking for pow
configure:6715: gcc -o conftest -g -O2   conftest.c -lz  >&5
conftest.c:60:6: warning: incompatible redeclaration of library function 'pow' [-Wincompatible-library-redeclaration]
char pow ();
     ^
conftest.c:60:6: note: 'pow' is a builtin with type 'double (double, double)'
1 warning generated.
configure:6715: $? = 0
configure:6715: result: yes
configure:6715: checking for sqrt
configure:6715: gcc -o conftest -g -O2   conftest.c -lz  >&5
conftest.c:61:6: warning: incompatible redeclaration of library function 'sqrt' [-Wincompatible-library-redeclaration]
char sqrt ();
     ^
conftest.c:61:6: note: 'sqrt' is a builtin with type 'double (double)'
1 warning generated.
configure:6715: $? = 0
configure:6715: result: yes
configure:6726: checking for clock_gettime
configure:6726: gcc -o conftest -g -O2   conftest.c -lz  >&5
configure:6726: $? = 0
configure:6726: result: yes
configure:6797: checking for functional regular expressions
configure:6821: g++ -std=gnu++11 -o conftest -g -O2   conftest.cpp -lz  >&5
configure:6821: $? = 0
configure:6821: ./conftest
configure:6821: $? = 0
configure:6831: result: yes
configure:6845: checking for gawk
configure:6872: result: awk
configure:6995: checking that generated files are newer than configure
configure:7001: result: done
configure:7028: creating ./config.status

## ---------------------- ##
## Running config.status. ##
## ---------------------- ##

This file was extended by Stacks config.status 2.53, which was
generated by GNU Autoconf 2.69.  Invocation command line was

  CONFIG_FILES    = 
  CONFIG_HEADERS  = 
  CONFIG_LINKS    = 
  CONFIG_COMMANDS = 
  $ ./config.status 

on Saras-MacBook-Pro-3.local

config.status:884: creating Makefile
config.status:884: creating htslib/Makefile
config.status:884: creating config.h
config.status:1113: executing depfiles commands

## ---------------- ##
## Cache variables. ##
## ---------------- ##

ac_cv_c_compiler_gnu=yes
ac_cv_c_const=yes
ac_cv_cxx_compiler_gnu=yes
ac_cv_env_CCC_set=
ac_cv_env_CCC_value=
ac_cv_env_CC_set=
ac_cv_env_CC_value=
ac_cv_env_CFLAGS_set=
ac_cv_env_CFLAGS_value=
ac_cv_env_CPPFLAGS_set=
ac_cv_env_CPPFLAGS_value=
ac_cv_env_CPP_set=
ac_cv_env_CPP_value=
ac_cv_env_CXXFLAGS_set=
ac_cv_env_CXXFLAGS_value=
ac_cv_env_CXX_set=
ac_cv_env_CXX_value=
ac_cv_env_LDFLAGS_set=
ac_cv_env_LDFLAGS_value=
ac_cv_env_LIBS_set=
ac_cv_env_LIBS_value=
ac_cv_env_build_alias_set=
ac_cv_env_build_alias_value=
ac_cv_env_host_alias_set=
ac_cv_env_host_alias_value=
ac_cv_env_target_alias_set=
ac_cv_env_target_alias_value=
ac_cv_func_clock_gettime=yes
ac_cv_func_closedir_void=no
ac_cv_func_floor=yes
ac_cv_func_malloc_0_nonnull=yes
ac_cv_func_memset=yes
ac_cv_func_pow=yes
ac_cv_func_realloc_0_nonnull=yes
ac_cv_func_sqrt=yes
ac_cv_header_dirent_dirent_h=yes
ac_cv_header_float_h=yes
ac_cv_header_inttypes_h=yes
ac_cv_header_limits_h=yes
ac_cv_header_memory_h=yes
ac_cv_header_stdbool_h=yes
ac_cv_header_stdc=yes
ac_cv_header_stdint_h=yes
ac_cv_header_stdlib_h=yes
ac_cv_header_string_h=yes
ac_cv_header_strings_h=yes
ac_cv_header_sys_stat_h=yes
ac_cv_header_sys_types_h=yes
ac_cv_header_unistd_h=yes
ac_cv_lib_gomp_omp_set_num_threads=no
ac_cv_lib_z_gzread=yes
ac_cv_objext=o
ac_cv_path_EGREP='/usr/bin/grep -E'
ac_cv_path_GREP=/usr/bin/grep
ac_cv_path_install='/usr/bin/install -c'
ac_cv_prog_AWK=awk
ac_cv_prog_CPP='gcc -E'
ac_cv_prog_ac_ct_AR=ar
ac_cv_prog_ac_ct_CC=gcc
ac_cv_prog_ac_ct_CXX=g++
ac_cv_prog_ac_ct_RANLIB=ranlib
ac_cv_prog_c_openmp=unsupported
ac_cv_prog_cc_c89=
ac_cv_prog_cc_g=yes
ac_cv_prog_cc_gcc_c_o=yes
ac_cv_prog_cxx_g=yes
ac_cv_prog_make_make_set=yes
ac_cv_search_opendir='none required'
ac_cv_type__Bool=yes
ac_cv_type_size_t=yes
am_cv_CC_dependencies_compiler_type=gcc3
am_cv_CXX_dependencies_compiler_type=gcc3
am_cv_ar_interface=ar
am_cv_make_support_nested_variables=yes
ax_cv_cxx_compile_cxx11=no
ax_cv_cxx_compile_cxx11__std_gnupp11=yes
stacks_cv_header_regex_func=yes

## ----------------- ##
## Output variables. ##
## ----------------- ##

ACLOCAL='${SHELL} /Users/saraschaal/Documents/Northeastern/LotterhosLab/Research/Bioinformatics/stacks-2.53/config/missing aclocal-1.13'
AMDEPBACKSLASH='\'
AMDEP_FALSE='#'
AMDEP_TRUE=''
AMTAR='$${TAR-tar}'
AM_BACKSLASH='\'
AM_DEFAULT_V='$(AM_DEFAULT_VERBOSITY)'
AM_DEFAULT_VERBOSITY='1'
AM_V='$(V)'
AR='ar'
AUTOCONF='${SHELL} /Users/saraschaal/Documents/Northeastern/LotterhosLab/Research/Bioinformatics/stacks-2.53/config/missing autoconf'
AUTOHEADER='${SHELL} /Users/saraschaal/Documents/Northeastern/LotterhosLab/Research/Bioinformatics/stacks-2.53/config/missing autoheader'
AUTOMAKE='${SHELL} /Users/saraschaal/Documents/Northeastern/LotterhosLab/Research/Bioinformatics/stacks-2.53/config/missing automake-1.13'
AWK='awk'
CC='gcc'
CCDEPMODE='depmode=gcc3'
CFLAGS='-g -O2'
CPP='gcc -E'
CPPFLAGS=''
CXX='g++ -std=gnu++11'
CXXDEPMODE='depmode=gcc3'
CXXFLAGS='-g -O2'
CYGPATH_W='echo'
DEFS='-DHAVE_CONFIG_H'
DEPDIR='.deps'
ECHO_C='\c'
ECHO_N=''
ECHO_T=''
EGREP='/usr/bin/grep -E'
EXEEXT=''
GREP='/usr/bin/grep'
HAVE_CXX11='1'
INSTALL_DATA='${INSTALL} -m 644'
INSTALL_PROGRAM='${INSTALL}'
INSTALL_SCRIPT='${INSTALL}'
INSTALL_STRIP_PROGRAM='$(install_sh) -c -s'
LDFLAGS=''
LIBOBJS=''
LIBS='-lz '
LTLIBOBJS=''
MAKEINFO='${SHELL} /Users/saraschaal/Documents/Northeastern/LotterhosLab/Research/Bioinformatics/stacks-2.53/config/missing makeinfo'
MKDIR_P='config/install-sh -c -d'
OBJEXT='o'
OPENMP_CFLAGS=''
PACKAGE='stacks'
PACKAGE_BUGREPORT=''
PACKAGE_NAME='Stacks'
PACKAGE_STRING='Stacks 2.53'
PACKAGE_TARNAME='stacks'
PACKAGE_URL=''
PACKAGE_VERSION='2.53'
PATH_SEPARATOR=':'
RANLIB='ranlib'
SET_MAKE=''
SHELL='/bin/sh'
STRIP=''
VERSION='2.53'
ac_ct_AR='ar'
ac_ct_CC='gcc'
ac_ct_CXX='g++'
am__EXEEXT_FALSE=''
am__EXEEXT_TRUE='#'
am__fastdepCC_FALSE='#'
am__fastdepCC_TRUE=''
am__fastdepCXX_FALSE='#'
am__fastdepCXX_TRUE=''
am__include='include'
am__isrc=''
am__leading_dot='.'
am__nodep='_no'
am__quote=''
am__tar='$${TAR-tar} chof - "$$tardir"'
am__untar='$${TAR-tar} xf -'
bindir='${exec_prefix}/bin'
build_alias=''
datadir='${datarootdir}'
datarootdir='${prefix}/share'
docdir='${datarootdir}/doc/${PACKAGE_TARNAME}'
dvidir='${docdir}'
exec_prefix='${prefix}'
host_alias=''
htmldir='${docdir}'
includedir='${prefix}/include'
infodir='${datarootdir}/info'
install_sh='${SHELL} /Users/saraschaal/Documents/Northeastern/LotterhosLab/Research/Bioinformatics/stacks-2.53/config/install-sh'
libdir='${exec_prefix}/lib'
libexecdir='${exec_prefix}/libexec'
localedir='${datarootdir}/locale'
localstatedir='${prefix}/var'
mandir='${datarootdir}/man'
mkdir_p='$(MKDIR_P)'
oldincludedir='/usr/include'
pdfdir='${docdir}'
prefix='/usr/local'
program_transform_name='s,x,x,'
psdir='${docdir}'
sbindir='${exec_prefix}/sbin'
sharedstatedir='${prefix}/com'
sysconfdir='${prefix}/etc'
target_alias=''

## ----------- ##
## confdefs.h. ##
## ----------- ##

/* confdefs.h */
#define PACKAGE_NAME "Stacks"
#define PACKAGE_TARNAME "stacks"
#define PACKAGE_VERSION "2.53"
#define PACKAGE_STRING "Stacks 2.53"
#define PACKAGE_BUGREPORT ""
#define PACKAGE_URL ""
#define PACKAGE "stacks"
#define VERSION "2.53"
#define HAVE_CXX11 1
#define HAVE_LIBZ 1
#define HAVE_DIRENT_H 1
#define STDC_HEADERS 1
#define HAVE_SYS_TYPES_H 1
#define HAVE_SYS_STAT_H 1
#define HAVE_STDLIB_H 1
#define HAVE_STRING_H 1
#define HAVE_MEMORY_H 1
#define HAVE_STRINGS_H 1
#define HAVE_INTTYPES_H 1
#define HAVE_STDINT_H 1
#define HAVE_UNISTD_H 1
#define HAVE_FLOAT_H 1
#define HAVE_LIMITS_H 1
#define HAVE_STDLIB_H 1
#define HAVE_STRING_H 1
#define HAVE_UNISTD_H 1
#define HAVE__BOOL 1
#define HAVE_STDBOOL_H 1
#define HAVE_STDLIB_H 1
#define HAVE_MALLOC 1
#define HAVE_STDLIB_H 1
#define HAVE_REALLOC 1
#define HAVE_FLOOR 1
#define HAVE_MEMSET 1
#define HAVE_POW 1
#define HAVE_SQRT 1
#define HAVE_CLOCK_GETTIME 1
#define REGEX_FUNCTIONAL 1

configure: exit 0
